0 info it worked if it ends with ok
1 verbose cli [ '/usr/bin/nodejs', '/usr/bin/npm', 'install', '-g', 'sleep' ]
2 info using npm@1.3.10
3 info using node@v0.10.25
4 verbose cache add [ 'sleep', null ]
5 verbose cache add name=undefined spec="sleep" args=["sleep",null]
6 verbose parsed url { protocol: null,
6 verbose parsed url   slashes: null,
6 verbose parsed url   auth: null,
6 verbose parsed url   host: null,
6 verbose parsed url   port: null,
6 verbose parsed url   hostname: null,
6 verbose parsed url   hash: null,
6 verbose parsed url   search: null,
6 verbose parsed url   query: null,
6 verbose parsed url   pathname: 'sleep',
6 verbose parsed url   path: 'sleep',
6 verbose parsed url   href: 'sleep' }
7 silly lockFile c3ca5f78-sleep sleep
8 verbose lock sleep /home/admin1/.npm/c3ca5f78-sleep.lock
9 silly lockFile c3ca5f78-sleep sleep
10 silly lockFile c3ca5f78-sleep sleep
11 verbose addNamed [ 'sleep', '' ]
12 verbose addNamed [ null, '*' ]
13 silly lockFile e2b4ed60-sleep sleep@
14 verbose lock sleep@ /home/admin1/.npm/e2b4ed60-sleep.lock
15 silly addNameRange { name: 'sleep', range: '*', hasData: false }
16 verbose url raw sleep
17 verbose url resolving [ 'https://registry.npmjs.org/', './sleep' ]
18 verbose url resolved https://registry.npmjs.org/sleep
19 info trying registry request attempt 1 at 15:34:38
20 http GET https://registry.npmjs.org/sleep
21 http 200 https://registry.npmjs.org/sleep
22 silly registry.get cb [ 200,
22 silly registry.get   { server: 'CouchDB/1.5.0 (Erlang OTP/R16B03)',
22 silly registry.get     etag: '"8CHWCM8WTGDTT20DRUI12JGGO"',
22 silly registry.get     'content-type': 'application/json',
22 silly registry.get     'cache-control': 'max-age=60',
22 silly registry.get     'content-length': '14691',
22 silly registry.get     'accept-ranges': 'bytes',
22 silly registry.get     date: 'Thu, 21 May 2015 10:03:16 GMT',
22 silly registry.get     via: '1.1 varnish',
22 silly registry.get     age: '0',
22 silly registry.get     connection: 'keep-alive',
22 silly registry.get     'x-served-by': 'cache-sin6922-SIN',
22 silly registry.get     'x-cache': 'MISS',
22 silly registry.get     'x-cache-hits': '0',
22 silly registry.get     'x-timer': 'S1432202596.447616,VS0,VE207',
22 silly registry.get     vary: 'Accept' } ]
23 silly addNameRange number 2 { name: 'sleep', range: '*', hasData: true }
24 silly addNameRange versions [ 'sleep',
24 silly addNameRange   [ '1.0.0',
24 silly addNameRange     '1.0.1',
24 silly addNameRange     '1.0.2',
24 silly addNameRange     '1.1.0',
24 silly addNameRange     '1.1.1',
24 silly addNameRange     '1.1.2',
24 silly addNameRange     '1.1.3',
24 silly addNameRange     '1.1.4',
24 silly addNameRange     '1.1.5',
24 silly addNameRange     '1.1.6',
24 silly addNameRange     '1.1.7',
24 silly addNameRange     '1.1.8',
24 silly addNameRange     '1.2.0',
24 silly addNameRange     '2.0.0' ] ]
25 verbose addNamed [ 'sleep', '2.0.0' ]
26 verbose addNamed [ '2.0.0', '2.0.0' ]
27 silly lockFile 24ae5886-sleep-2-0-0 sleep@2.0.0
28 verbose lock sleep@2.0.0 /home/admin1/.npm/24ae5886-sleep-2-0-0.lock
29 silly lockFile 592efb69--npmjs-org-sleep-sleep-2-0-0-tgz https://registry.npmjs.org/sleep/-/sleep-2.0.0.tgz
30 verbose lock https://registry.npmjs.org/sleep/-/sleep-2.0.0.tgz /home/admin1/.npm/592efb69--npmjs-org-sleep-sleep-2-0-0-tgz.lock
31 verbose addRemoteTarball [ 'https://registry.npmjs.org/sleep/-/sleep-2.0.0.tgz',
31 verbose addRemoteTarball   '96d8ef97970ecad464b146ea5e86dd5d6ceb65bc' ]
32 info retry fetch attempt 1 at 15:34:39
33 verbose fetch to= /home/admin1/tmp/npm-8650-tvahF26X/1432202679005-0.2644609303679317/tmp.tgz
34 http GET https://registry.npmjs.org/sleep/-/sleep-2.0.0.tgz
35 http 200 https://registry.npmjs.org/sleep/-/sleep-2.0.0.tgz
36 verbose tar unpack /home/admin1/tmp/npm-8650-tvahF26X/1432202679005-0.2644609303679317/tmp.tgz
37 silly lockFile 821a2860-79005-0-2644609303679317-package tar:///home/admin1/tmp/npm-8650-tvahF26X/1432202679005-0.2644609303679317/package
38 verbose lock tar:///home/admin1/tmp/npm-8650-tvahF26X/1432202679005-0.2644609303679317/package /home/admin1/.npm/821a2860-79005-0-2644609303679317-package.lock
39 silly lockFile 71a63ba3-79005-0-2644609303679317-tmp-tgz tar:///home/admin1/tmp/npm-8650-tvahF26X/1432202679005-0.2644609303679317/tmp.tgz
40 verbose lock tar:///home/admin1/tmp/npm-8650-tvahF26X/1432202679005-0.2644609303679317/tmp.tgz /home/admin1/.npm/71a63ba3-79005-0-2644609303679317-tmp-tgz.lock
41 silly gunzTarPerm modes [ '755', '644' ]
42 silly gunzTarPerm extractEntry package.json
43 silly gunzTarPerm modified mode [ 'package.json', 436, 420 ]
44 silly gunzTarPerm extractEntry .npmignore
45 silly gunzTarPerm modified mode [ '.npmignore', 436, 420 ]
46 silly gunzTarPerm extractEntry README.md
47 silly gunzTarPerm modified mode [ 'README.md', 436, 420 ]
48 silly gunzTarPerm extractEntry test.js
49 silly gunzTarPerm modified mode [ 'test.js', 436, 420 ]
50 silly gunzTarPerm extractEntry index.js
51 silly gunzTarPerm modified mode [ 'index.js', 436, 420 ]
52 silly gunzTarPerm extractEntry LICENSE.txt
53 silly gunzTarPerm modified mode [ 'LICENSE.txt', 436, 420 ]
54 silly gunzTarPerm extractEntry sleep.cc
55 silly gunzTarPerm modified mode [ 'sleep.cc', 436, 420 ]
56 silly gunzTarPerm extractEntry binding.gyp
57 silly gunzTarPerm modified mode [ 'binding.gyp', 436, 420 ]
58 silly lockFile 821a2860-79005-0-2644609303679317-package tar:///home/admin1/tmp/npm-8650-tvahF26X/1432202679005-0.2644609303679317/package
59 silly lockFile 821a2860-79005-0-2644609303679317-package tar:///home/admin1/tmp/npm-8650-tvahF26X/1432202679005-0.2644609303679317/package
60 silly lockFile 71a63ba3-79005-0-2644609303679317-tmp-tgz tar:///home/admin1/tmp/npm-8650-tvahF26X/1432202679005-0.2644609303679317/tmp.tgz
61 silly lockFile 71a63ba3-79005-0-2644609303679317-tmp-tgz tar:///home/admin1/tmp/npm-8650-tvahF26X/1432202679005-0.2644609303679317/tmp.tgz
62 verbose tar pack [ '/home/admin1/.npm/sleep/2.0.0/package.tgz',
62 verbose tar pack   '/home/admin1/tmp/npm-8650-tvahF26X/1432202679005-0.2644609303679317/package' ]
63 verbose tarball /home/admin1/.npm/sleep/2.0.0/package.tgz
64 verbose folder /home/admin1/tmp/npm-8650-tvahF26X/1432202679005-0.2644609303679317/package
65 silly lockFile 821a2860-79005-0-2644609303679317-package tar:///home/admin1/tmp/npm-8650-tvahF26X/1432202679005-0.2644609303679317/package
66 verbose lock tar:///home/admin1/tmp/npm-8650-tvahF26X/1432202679005-0.2644609303679317/package /home/admin1/.npm/821a2860-79005-0-2644609303679317-package.lock
67 silly lockFile cfefb7c1-min1-npm-sleep-2-0-0-package-tgz tar:///home/admin1/.npm/sleep/2.0.0/package.tgz
68 verbose lock tar:///home/admin1/.npm/sleep/2.0.0/package.tgz /home/admin1/.npm/cfefb7c1-min1-npm-sleep-2-0-0-package-tgz.lock
69 silly lockFile 821a2860-79005-0-2644609303679317-package tar:///home/admin1/tmp/npm-8650-tvahF26X/1432202679005-0.2644609303679317/package
70 silly lockFile 821a2860-79005-0-2644609303679317-package tar:///home/admin1/tmp/npm-8650-tvahF26X/1432202679005-0.2644609303679317/package
71 silly lockFile cfefb7c1-min1-npm-sleep-2-0-0-package-tgz tar:///home/admin1/.npm/sleep/2.0.0/package.tgz
72 silly lockFile cfefb7c1-min1-npm-sleep-2-0-0-package-tgz tar:///home/admin1/.npm/sleep/2.0.0/package.tgz
73 silly lockFile 545764b2-e-admin1-npm-sleep-2-0-0-package /home/admin1/.npm/sleep/2.0.0/package
74 verbose lock /home/admin1/.npm/sleep/2.0.0/package /home/admin1/.npm/545764b2-e-admin1-npm-sleep-2-0-0-package.lock
75 silly lockFile 545764b2-e-admin1-npm-sleep-2-0-0-package /home/admin1/.npm/sleep/2.0.0/package
76 silly lockFile 545764b2-e-admin1-npm-sleep-2-0-0-package /home/admin1/.npm/sleep/2.0.0/package
77 verbose tar unpack /home/admin1/.npm/sleep/2.0.0/package.tgz
78 silly lockFile 82a2ec2f-e-admin1-npm-sleep-2-0-0-package tar:///home/admin1/.npm/sleep/2.0.0/package
79 verbose lock tar:///home/admin1/.npm/sleep/2.0.0/package /home/admin1/.npm/82a2ec2f-e-admin1-npm-sleep-2-0-0-package.lock
80 silly lockFile cfefb7c1-min1-npm-sleep-2-0-0-package-tgz tar:///home/admin1/.npm/sleep/2.0.0/package.tgz
81 verbose lock tar:///home/admin1/.npm/sleep/2.0.0/package.tgz /home/admin1/.npm/cfefb7c1-min1-npm-sleep-2-0-0-package-tgz.lock
82 silly gunzTarPerm modes [ '755', '644' ]
83 silly gunzTarPerm extractEntry package.json
84 silly gunzTarPerm extractEntry .npmignore
85 silly gunzTarPerm extractEntry README.md
86 silly gunzTarPerm extractEntry index.js
87 silly gunzTarPerm extractEntry test.js
88 silly gunzTarPerm extractEntry LICENSE.txt
89 silly gunzTarPerm extractEntry binding.gyp
90 silly gunzTarPerm extractEntry sleep.cc
91 silly lockFile 82a2ec2f-e-admin1-npm-sleep-2-0-0-package tar:///home/admin1/.npm/sleep/2.0.0/package
92 silly lockFile 82a2ec2f-e-admin1-npm-sleep-2-0-0-package tar:///home/admin1/.npm/sleep/2.0.0/package
93 silly lockFile cfefb7c1-min1-npm-sleep-2-0-0-package-tgz tar:///home/admin1/.npm/sleep/2.0.0/package.tgz
94 silly lockFile cfefb7c1-min1-npm-sleep-2-0-0-package-tgz tar:///home/admin1/.npm/sleep/2.0.0/package.tgz
95 verbose chmod /home/admin1/.npm/sleep/2.0.0/package.tgz 644
96 verbose chown /home/admin1/.npm/sleep/2.0.0/package.tgz [ 1000, 1000 ]
97 silly lockFile 592efb69--npmjs-org-sleep-sleep-2-0-0-tgz https://registry.npmjs.org/sleep/-/sleep-2.0.0.tgz
98 silly lockFile 592efb69--npmjs-org-sleep-sleep-2-0-0-tgz https://registry.npmjs.org/sleep/-/sleep-2.0.0.tgz
99 silly lockFile 24ae5886-sleep-2-0-0 sleep@2.0.0
100 silly lockFile 24ae5886-sleep-2-0-0 sleep@2.0.0
101 silly lockFile e2b4ed60-sleep sleep@
102 silly lockFile e2b4ed60-sleep sleep@
103 silly resolved [ { name: 'sleep',
103 silly resolved     version: '2.0.0',
103 silly resolved     main: 'index.js',
103 silly resolved     description: 'Add sleep() and usleep() to nodejs',
103 silly resolved     homepage: 'http://github.com/ErikDubbelboer/node-sleep',
103 silly resolved     author: { name: 'Erik Dubbelboer', email: 'erik@dubbelboer.com' },
103 silly resolved     engines: { node: '>=0.4.0' },
103 silly resolved     keywords: [ 'sleep', 'usleep' ],
103 silly resolved     repository:
103 silly resolved      { type: 'git',
103 silly resolved        url: 'https://github.com/ErikDubbelboer/node-sleep.git' },
103 silly resolved     dependencies: { nan: '*' },
103 silly resolved     gypfile: true,
103 silly resolved     scripts: { install: 'node-gyp rebuild' },
103 silly resolved     readme: 'sleep\n=====\n\nAdd `sleep()` and `usleep()` to nodejs.\n\nThis is mainly useful for debugging.\n\n**Sleep will block execution of all javascript!**\n===================================================\n\nOn windows the module will fall back to a while loop which will use 100% CPU!\n\nUsage\n-----\n\n`var sleep = require(\'sleep\');`\n\n* `sleep.sleep(n)`: sleep for n seconds\n* `sleep.usleep(n)`: sleep for n microseconds (1 second is 1000000 microseconds)\n\n',
103 silly resolved     readmeFilename: 'README.md',
103 silly resolved     bugs: { url: 'https://github.com/ErikDubbelboer/node-sleep/issues' },
103 silly resolved     _id: 'sleep@2.0.0',
103 silly resolved     dist: { shasum: '90a7b94206514a3b6ea00c3ac50c6134cddceba1' },
103 silly resolved     _from: 'sleep@',
103 silly resolved     _resolved: 'https://registry.npmjs.org/sleep/-/sleep-2.0.0.tgz' } ]
104 info install sleep@2.0.0 into /usr/local/lib
105 info installOne sleep@2.0.0
106 info /usr/local/lib/node_modules/sleep unbuild
107 verbose tar unpack /home/admin1/.npm/sleep/2.0.0/package.tgz
108 silly lockFile 63d09ca4-usr-local-lib-node-modules-sleep tar:///usr/local/lib/node_modules/sleep
109 verbose lock tar:///usr/local/lib/node_modules/sleep /home/admin1/.npm/63d09ca4-usr-local-lib-node-modules-sleep.lock
110 silly lockFile cfefb7c1-min1-npm-sleep-2-0-0-package-tgz tar:///home/admin1/.npm/sleep/2.0.0/package.tgz
111 verbose lock tar:///home/admin1/.npm/sleep/2.0.0/package.tgz /home/admin1/.npm/cfefb7c1-min1-npm-sleep-2-0-0-package-tgz.lock
112 silly gunzTarPerm modes [ '755', '644' ]
113 error Error: EACCES, mkdir '/usr/local/lib/node_modules/sleep'
113 error  { [Error: EACCES, mkdir '/usr/local/lib/node_modules/sleep']
113 error   errno: 3,
113 error   code: 'EACCES',
113 error   path: '/usr/local/lib/node_modules/sleep',
113 error   fstream_type: 'Directory',
113 error   fstream_path: '/usr/local/lib/node_modules/sleep',
113 error   fstream_class: 'DirWriter',
113 error   fstream_stack:
113 error    [ '/usr/lib/nodejs/fstream/lib/dir-writer.js:36:23',
113 error      '/usr/lib/nodejs/mkdirp/index.js:37:53',
113 error      'Object.oncomplete (fs.js:107:15)' ] }
114 error Please try running this command again as root/Administrator.
115 error System Linux 3.13.0-32-generic
116 error command "/usr/bin/nodejs" "/usr/bin/npm" "install" "-g" "sleep"
117 error cwd /home/admin1/Siemens/SmartCampus/code/master/smartcampus/Server/config
118 error node -v v0.10.25
119 error npm -v 1.3.10
120 error path /usr/local/lib/node_modules/sleep
121 error fstream_path /usr/local/lib/node_modules/sleep
122 error fstream_type Directory
123 error fstream_class DirWriter
124 error code EACCES
125 error errno 3
126 error stack Error: EACCES, mkdir '/usr/local/lib/node_modules/sleep'
127 error fstream_stack /usr/lib/nodejs/fstream/lib/dir-writer.js:36:23
127 error fstream_stack /usr/lib/nodejs/mkdirp/index.js:37:53
127 error fstream_stack Object.oncomplete (fs.js:107:15)
128 verbose exit [ 3, true ]
